# JRE version: Java(TM) SE Runtime Environment (21.0.8+12) (build 21.0.8+12-LTS-250)
# Java VM: Java HotSpot(TM) 64-Bit Server VM (21.0.8+12-LTS-250, mixed mode, emulated-client, sharing, tiered, compressed oops, compressed class ptrs, g1 gc, windows-amd64)
GC Precious Log:
 CardTable entry size: 512
 Card Set container configuration: InlinePtr #cards 4 size 8 Array Of Cards #cards 16 size 48 Howl #buckets 8 coarsen threshold 3686 Howl Bitmap #cards 512 size 80 coarsen threshold 460 Card regions per heap region 1 cards per card region 4096
 CPUs: 16 total, 16 available
 Memory: 15465M
 Large Page Support: Disabled
 NUMA Support: Disabled
 Compressed Oops: Enabled (Zero based)
 Heap Region Size: 2M
 Heap Min Capacity: 8M
 Heap Initial Capacity: 242M
 Heap Max Capacity: 3868M
 Pre-touch: Disabled
 Parallel Workers: 13
 Concurrent Workers: 3
 Concurrent Refinement Workers: 13
 Periodic GC: Disabled
Heap:
 garbage-first heap   total 92160K, used 50442K [0x000000070e400000, 0x0000000800000000)
  region size 2048K, 13 young (26624K), 2 survivors (4096K)
 Metaspace       used 74079K, committed 74816K, reserved 1114112K
  class space    used 10868K, committed 11264K, reserved 1048576K
GC Heap History (20 events):
Event: 1.276 GC heap before
{Heap before GC invocations=8 (full 0):
 garbage-first heap   total 151552K, used 70585K [0x000000070e400000, 0x0000000800000000)
  region size 2048K, 31 young (63488K), 2 survivors (4096K)
 Metaspace       used 35874K, committed 36480K, reserved 1114112K
  class space    used 4824K, committed 5120K, reserved 1048576K
}
Event: 1.280 GC heap after
{Heap after GC invocations=9 (full 0):
 garbage-first heap   total 151552K, used 21013K [0x000000070e400000, 0x0000000800000000)
  region size 2048K, 5 young (10240K), 5 survivors (10240K)
 Metaspace       used 35874K, committed 36480K, reserved 1114112K
  class space    used 4824K, committed 5120K, reserved 1048576K
}
Event: 1.288 GC heap before
{Heap before GC invocations=9 (full 0):
 garbage-first heap   total 151552K, used 21013K [0x000000070e400000, 0x0000000800000000)
  region size 2048K, 6 young (12288K), 5 survivors (10240K)
 Metaspace       used 36244K, committed 36800K, reserved 1114112K
  class space    used 4871K, committed 5120K, reserved 1048576K
}
Event: 1.290 GC heap after
{Heap after GC invocations=10 (full 0):
 garbage-first heap   total 151552K, used 21282K [0x000000070e400000, 0x0000000800000000)
  region size 2048K, 3 young (6144K), 3 survivors (6144K)
 Metaspace       used 36244K, committed 36800K, reserved 1114112K
  class space    used 4871K, committed 5120K, reserved 1048576K
}
Event: 1.678 GC heap before
{Heap before GC invocations=11 (full 0):
 garbage-first heap   total 81920K, used 80674K [0x000000070e400000, 0x0000000800000000)
  region size 2048K, 32 young (65536K), 3 survivors (6144K)
 Metaspace       used 49845K, committed 50496K, reserved 1114112K
  class space    used 6983K, committed 7296K, reserved 1048576K
}
Event: 1.682 GC heap after
{Heap after GC invocations=12 (full 0):
 garbage-first heap   total 92160K, used 25269K [0x000000070e400000, 0x0000000800000000)
  region size 2048K, 5 young (10240K), 5 survivors (10240K)
 Metaspace       used 49845K, committed 50496K, reserved 1114112K
  class space    used 6983K, committed 7296K, reserved 1048576K
}
Event: 2.079 GC heap before
{Heap before GC invocations=12 (full 0):
 garbage-first heap   total 92160K, used 70325K [0x000000070e400000, 0x0000000800000000)
  region size 2048K, 27 young (55296K), 5 survivors (10240K)
 Metaspace       used 60783K, committed 61504K, reserved 1114112K
  class space    used 8675K, committed 9024K, reserved 1048576K
}
Event: 2.082 GC heap after
{Heap after GC invocations=13 (full 0):
 garbage-first heap   total 92160K, used 27243K [0x000000070e400000, 0x0000000800000000)
  region size 2048K, 4 young (8192K), 4 survivors (8192K)
 Metaspace       used 60783K, committed 61504K, reserved 1114112K
  class space    used 8675K, committed 9024K, reserved 1048576K
}
Event: 2.094 GC heap before
{Heap before GC invocations=13 (full 0):
 garbage-first heap   total 92160K, used 27243K [0x000000070e400000, 0x0000000800000000)
  region size 2048K, 5 young (10240K), 4 survivors (8192K)
 Metaspace       used 61108K, committed 61760K, reserved 1114112K
  class space    used 8719K, committed 9024K, reserved 1048576K
}
Event: 2.095 GC heap after
{Heap after GC invocations=14 (full 0):
 garbage-first heap   total 92160K, used 27666K [0x000000070e400000, 0x0000000800000000)
  region size 2048K, 2 young (4096K), 2 survivors (4096K)
 Metaspace       used 61108K, committed 61760K, reserved 1114112K
  class space    used 8719K, committed 9024K, reserved 1048576K
}
Event: 2.407 GC heap before
{Heap before GC invocations=15 (full 0):
 garbage-first heap   total 92160K, used 78866K [0x000000070e400000, 0x0000000800000000)
  region size 2048K, 27 young (55296K), 2 survivors (4096K)
 Metaspace       used 68767K, committed 69568K, reserved 1114112K
  class space    used 10150K, committed 10496K, reserved 1048576K
}
Event: 2.409 GC heap after
{Heap after GC invocations=16 (full 0):
 garbage-first heap   total 92160K, used 30519K [0x000000070e400000, 0x0000000800000000)
  region size 2048K, 4 young (8192K), 4 survivors (8192K)
 Metaspace       used 68767K, committed 69568K, reserved 1114112K
  class space    used 10150K, committed 10496K, reserved 1048576K
}
Event: 2.464 GC heap before
{Heap before GC invocations=16 (full 0):
 garbage-first heap   total 92160K, used 75575K [0x000000070e400000, 0x0000000800000000)
  region size 2048K, 26 young (53248K), 4 survivors (8192K)
 Metaspace       used 68945K, committed 69696K, reserved 1114112K
  class space    used 10180K, committed 10496K, reserved 1048576K
}
Event: 2.467 GC heap after
{Heap after GC invocations=17 (full 0):
 garbage-first heap   total 92160K, used 37650K [0x000000070e400000, 0x0000000800000000)
  region size 2048K, 4 young (8192K), 4 survivors (8192K)
 Metaspace       used 68945K, committed 69696K, reserved 1114112K
  class space    used 10180K, committed 10496K, reserved 1048576K
}
Event: 2.534 GC heap before
{Heap before GC invocations=18 (full 0):
 garbage-first heap   total 92160K, used 76562K [0x000000070e400000, 0x0000000800000000)
  region size 2048K, 23 young (47104K), 4 survivors (8192K)
 Metaspace       used 69641K, committed 70400K, reserved 1114112K
  class space    used 10282K, committed 10624K, reserved 1048576K
}
Event: 2.536 GC heap after
{Heap after GC invocations=19 (full 0):
 garbage-first heap   total 92160K, used 39985K [0x000000070e400000, 0x0000000800000000)
  region size 2048K, 1 young (2048K), 1 survivors (2048K)
 Metaspace       used 69641K, committed 70400K, reserved 1114112K
  class space    used 10282K, committed 10624K, reserved 1048576K
}
Event: 517.454 GC heap before
{Heap before GC invocations=19 (full 0):
 garbage-first heap   total 92160K, used 76849K [0x000000070e400000, 0x0000000800000000)
  region size 2048K, 20 young (40960K), 1 survivors (2048K)
 Metaspace       used 73254K, committed 74048K, reserved 1114112K
  class space    used 10815K, committed 11200K, reserved 1048576K
}
Event: 517.544 GC heap after
{Heap after GC invocations=20 (full 1):
 garbage-first heap   total 92160K, used 28674K [0x000000070e400000, 0x0000000800000000)
  region size 2048K, 0 young (0K), 0 survivors (0K)
 Metaspace       used 73250K, committed 74048K, reserved 1114112K
  class space    used 10815K, committed 11200K, reserved 1048576K
}
Event: 519.267 GC heap before
{Heap before GC invocations=20 (full 1):
 garbage-first heap   total 92160K, used 73730K [0x000000070e400000, 0x0000000800000000)
  region size 2048K, 23 young (47104K), 0 survivors (0K)
 Metaspace       used 73519K, committed 74304K, reserved 1114112K
  class space    used 10855K, committed 11200K, reserved 1048576K
}
Event: 519.269 GC heap after
{Heap after GC invocations=21 (full 1):
 garbage-first heap   total 92160K, used 32010K [0x000000070e400000, 0x0000000800000000)
  region size 2048K, 2 young (4096K), 2 survivors (4096K)
 Metaspace       used 73519K, committed 74304K, reserved 1114112K
  class space    used 10855K, committed 11200K, reserved 1048576K
}

